2025-12-15 19:58:56,343 : INFO : root : Loading config.
2025-12-15 19:58:56,349 : INFO : YamlMultifileConfigLoader : Machine config file #1: config.yaml
2025-12-15 19:58:56,350 : INFO : ConfigProcessor : Loading config from cache: C:\Users\pliso\AppData\Local\Temp\046eab1b871c5a2bbb522eec0d951988.mpf_cache
2025-12-15 19:58:56,474 : INFO : ConfigProcessor : Loading config from cache: C:\Users\pliso\AppData\Local\Temp\90d145bae470d591a824afa5b9a77b7d.mpf_cache
2025-12-15 19:58:56,475 : INFO : ConfigProcessor : Loading config from cache: C:\Users\pliso\AppData\Local\Temp\8233040a80984f83b3d7894a8635e8dd.mpf_cache
2025-12-15 19:58:56,476 : INFO : ConfigProcessor : Loading config from cache: C:\Users\pliso\AppData\Local\Temp\90d145bae470d591a824afa5b9a77b7d.mpf_cache
2025-12-15 19:58:56,477 : INFO : ConfigProcessor : Loading config from cache: C:\Users\pliso\AppData\Local\Temp\9f34ff81daeaf7d40fe0a7506e631d7d.mpf_cache
2025-12-15 19:58:56,477 : INFO : Machine : Mission Pinball Framework Core Engine v0.80.0.dev11
2025-12-15 19:58:56,477 : INFO : Machine : Command line arguments: {'no_load_cache': False, 'create_config_cache': True, 'bcp': False, 'configfile': ['config.yaml'], 'force_assets_load': False, 'platform_integration_test': False, 'jsonlogging': False, 'logfile': 'logs\\2025-12-15-19-58-56-mpf-DESKTOP-0NBK5M1.log', 'pause': False, 'production': False, 'text_ui': False, 'loglevel': 15, 'consoleloglevel': 20, 'force_platform': 'virtual', 'syslog_address': None, 'full_logfile_path': 'C:\\Users\\pliso\\Dip_25_26\\Software\\logs\\2025-12-15-19-58-56-mpf-DESKTOP-0NBK5M1.log'}
2025-12-15 19:58:56,479 : INFO : Machine : MPF path: C:\Users\pliso\mpf\Lib\site-packages\mpf
2025-12-15 19:58:56,479 : INFO : Machine : Machine path: C:\Users\pliso\Dip_25_26\Software
2025-12-15 19:58:56,479 : INFO : Machine : Platform: win32
2025-12-15 19:58:56,479 : INFO : Machine : Python executable location: C:\Users\pliso\mpf\Scripts\python.exe
2025-12-15 19:58:56,479 : INFO : Machine : Python version: 3.12.7 (64-bit)
2025-12-15 19:58:56,483 : INFO : Machine : Initializing MPF...
2025-12-15 19:58:56,583 : INFO : EventManager : Event: ======'machine_var_credits_string'====== Args={'value': 'FREE PLAY', 'prev_value': None, 'change': True}
2025-12-15 19:58:56,618 : INFO : EventManager : Event: ======'machine_var_master_volume'====== Args={'value': 0.5, 'prev_value': None, 'change': True}
2025-12-15 19:58:56,618 : INFO : EventManager : Event: ======'machine_var_mpf_version'====== Args={'value': 'Mission Pinball Framework v0.80.0.dev11', 'prev_value': None, 'change': True}
2025-12-15 19:58:56,618 : INFO : EventManager : Event: ======'machine_var_mpf_extended_version'====== Args={'value': 'Mission Pinball Framework v0.80.0.dev11, Config version:6, Show version: 6, BCP version:1.1', 'prev_value': None, 'change': True}
2025-12-15 19:58:56,618 : INFO : EventManager : Event: ======'machine_var_python_version'====== Args={'value': '3.12.7', 'prev_value': None, 'change': True}
2025-12-15 19:58:56,756 : INFO : EventManager : Event: ======'machine_var_platform'====== Args={'value': 'Windows-11-10.0.26100-SP0', 'prev_value': None, 'change': True}
2025-12-15 19:58:56,757 : INFO : EventManager : Event: ======'machine_var_platform_system'====== Args={'value': 'Windows', 'prev_value': None, 'change': True}
2025-12-15 19:58:56,757 : INFO : EventManager : Event: ======'machine_var_platform_release'====== Args={'value': '11', 'prev_value': None, 'change': True}
2025-12-15 19:58:56,757 : INFO : EventManager : Event: ======'machine_var_platform_version'====== Args={'value': '10.0.26100', 'prev_value': None, 'change': True}
2025-12-15 19:58:56,757 : INFO : EventManager : Event: ======'machine_var_platform_machine'====== Args={'value': 'AMD64', 'prev_value': None, 'change': True}
2025-12-15 19:58:56,757 : INFO : EventManager : Event: ======'machine_var_log_file_path'====== Args={'value': 'C:\\Users\\pliso\\Dip_25_26\\Software\\logs\\2025-12-15-19-58-56-mpf-DESKTOP-0NBK5M1.log', 'prev_value': None, 'change': True}
2025-12-15 19:58:56,757 : INFO : EventManager : Event: ======'init_phase_1'====== Args={}
2025-12-15 19:58:56,772 : INFO : EventManager : Event: ======'init_phase_2'====== Args={}
2025-12-15 19:58:56,793 : INFO : EventManager : Event: ======'init_phase_3'====== Args={}
2025-12-15 19:58:56,795 : INFO : EventManager : Event: ======'init_phase_4'====== Args={}
2025-12-15 19:58:56,796 : INFO : EventManager : Event: ======'machine_var_audits_events_game_started'====== Args={'value': 0, 'prev_value': None, 'change': True}
2025-12-15 19:58:56,797 : INFO : EventManager : Event: ======'machine_var_audits_events_game_ended'====== Args={'value': 0, 'prev_value': None, 'change': True}
2025-12-15 19:58:56,797 : INFO : EventManager : Event: ======'machine_var_audits_player_score'====== Args={'value': {'top': [], 'average': 0, 'total': 0}, 'prev_value': None, 'change': True}
2025-12-15 19:58:56,797 : INFO : EventManager : Event: ======'init_phase_5'====== Args={}
2025-12-15 19:58:56,797 : INFO : EventManager : Event: ======'init_done'====== Args={}
2025-12-15 19:58:56,797 : INFO : EventManager : Event: ======'machine_reset_phase_1'====== Args={}
2025-12-15 19:58:56,797 : INFO : EventManager : Event: ======'machine_reset_phase_2'====== Args={}
2025-12-15 19:58:56,797 : INFO : EventManager : Event: ======'machine_reset_phase_3'====== Args={}
2025-12-15 19:58:56,797 : INFO : EventManager : Event: ======'reset_complete'====== Args={}
2025-12-15 19:58:56,797 : INFO : EventManager : Event: ======'mode_attract_will_start'====== Args={}
2025-12-15 19:58:56,798 : INFO : EventManager : Event: ======'mode_attract_starting'====== Args={}
2025-12-15 19:58:56,798 : INFO : Mode.attract : Started. Priority: 10
2025-12-15 19:58:56,798 : INFO : EventManager : Event: ======'modes_active_modes_changed'====== Args={}
2025-12-15 19:58:56,798 : INFO : EventManager : Event: ======'mode_attract_started'====== Args={}
2025-12-15 19:58:56,798 : INFO : EventManager : Event: ======'collecting_balls_complete'====== Args={}
2025-12-15 19:58:56,799 : INFO : Machine : Starting the main run loop with active modes: [<Mode.attract>]
2025-12-15 19:59:13,609 : INFO : Machine : Shutting down...
2025-12-15 19:59:13,610 : INFO : EventManager : Event: ======'shutdown'====== Args={}
2025-12-15 19:59:13,612 : INFO : root : MPF run loop ended.
